<?xml version="1.0" encoding="UTF-8"?>
<robot generator="Robot 4.0.3 (Python 3.7.3 on win32)" generated="20210725 21:44:46.629" rpa="false" schemaversion="2">
<suite id="s1" name="Testing" source="D:\project\project\Test\Testing.robot">
<test id="s1-t1" name="Valid login page">
<kw name="Open Browser to Login page">
<kw name="Open Browser" library="SeleniumLibrary">
<arg>${LOGIN URL}</arg>
<arg>${BROWSER}</arg>
<doc>Opens a new browser instance to the optional ``url``.</doc>
<msg timestamp="20210725 21:44:46.963" level="INFO">Opening browser 'chrome' to base url 'https://www.flipkart.com/'.</msg>
<status status="PASS" starttime="20210725 21:44:46.963" endtime="20210725 21:44:56.503"/>
</kw>
<status status="PASS" starttime="20210725 21:44:46.963" endtime="20210725 21:44:56.503"/>
</kw>
<kw name="Input Username">
<arg>9950144030</arg>
<kw name="Input Text" library="SeleniumLibrary">
<arg>xpath://input[@class='_2IX_2- VJZDxU']</arg>
<arg>${username}</arg>
<doc>Types the given ``text`` into the text field identified by ``locator``.</doc>
<msg timestamp="20210725 21:44:56.505" level="INFO">Typing text '9950144030' into text field 'xpath://input[@class='_2IX_2- VJZDxU']'.</msg>
<status status="PASS" starttime="20210725 21:44:56.504" endtime="20210725 21:44:56.615"/>
</kw>
<status status="PASS" starttime="20210725 21:44:56.504" endtime="20210725 21:44:56.616"/>
</kw>
<kw name="Input password">
<arg>Da@mon20</arg>
<kw name="Input Text" library="SeleniumLibrary">
<arg>xpath://input[@type='password']</arg>
<arg>${password}</arg>
<doc>Types the given ``text`` into the text field identified by ``locator``.</doc>
<msg timestamp="20210725 21:44:56.619" level="INFO">Typing text 'Da@mon20' into text field 'xpath://input[@type='password']'.</msg>
<status status="PASS" starttime="20210725 21:44:56.618" endtime="20210725 21:44:56.746"/>
</kw>
<status status="PASS" starttime="20210725 21:44:56.617" endtime="20210725 21:44:56.746"/>
</kw>
<kw name="Submit Credentials">
<kw name="Sleep" library="BuiltIn">
<arg>1s</arg>
<doc>Pauses the test executed for the given time.</doc>
<msg timestamp="20210725 21:44:57.767" level="INFO">Slept 1 second</msg>
<status status="PASS" starttime="20210725 21:44:56.750" endtime="20210725 21:44:57.767"/>
</kw>
<kw name="Click Element" library="SeleniumLibrary">
<arg>xpath://button[@type='submit']//span[contains(text(),'Login')]</arg>
<doc>Click the element identified by ``locator``.</doc>
<msg timestamp="20210725 21:44:57.767" level="INFO">Clicking element 'xpath://button[@type='submit']//span[contains(text(),'Login')]'.</msg>
<status status="PASS" starttime="20210725 21:44:57.767" endtime="20210725 21:44:57.844"/>
</kw>
<status status="PASS" starttime="20210725 21:44:56.748" endtime="20210725 21:44:57.844"/>
</kw>
<kw name="Open Electornics">
<kw name="Sleep" library="BuiltIn">
<arg>1s</arg>
<doc>Pauses the test executed for the given time.</doc>
<msg timestamp="20210725 21:44:58.853" level="INFO">Slept 1 second</msg>
<status status="PASS" starttime="20210725 21:44:57.846" endtime="20210725 21:44:58.853"/>
</kw>
<kw name="Click Element" library="SeleniumLibrary">
<arg>xpath://div[contains(text(),'Electronics')]</arg>
<doc>Click the element identified by ``locator``.</doc>
<msg timestamp="20210725 21:44:58.853" level="INFO">Clicking element 'xpath://div[contains(text(),'Electronics')]'.</msg>
<kw name="Capture Page Screenshot" library="SeleniumLibrary">
<doc>Takes a screenshot of the current page and embeds it into a log file.</doc>
<msg timestamp="20210725 21:45:00.095" level="INFO" html="true">&lt;/td&gt;&lt;/tr&gt;&lt;tr&gt;&lt;td colspan="3"&gt;&lt;a href="selenium-screenshot-55.png"&gt;&lt;img src="selenium-screenshot-55.png" width="800px"&gt;&lt;/a&gt;</msg>
<status status="PASS" starttime="20210725 21:44:59.956" endtime="20210725 21:45:00.095"/>
</kw>
<msg timestamp="20210725 21:45:00.310" level="FAIL">ElementClickInterceptedException: Message: element click intercepted: Element &lt;div class="xtXmba"&gt;...&lt;/div&gt; is not clickable at point (270, 145). Other element would receive the click: &lt;span&gt;...&lt;/span&gt;
  (Session info: chrome=92.0.4515.107)
</msg>
<status status="FAIL" starttime="20210725 21:44:58.853" endtime="20210725 21:45:00.310"/>
</kw>
<status status="FAIL" starttime="20210725 21:44:57.845" endtime="20210725 21:45:00.310"/>
</kw>
<kw name="Open Menu to Samsung">
<status status="NOT RUN" starttime="20210725 21:45:00.310" endtime="20210725 21:45:00.310"/>
</kw>
<kw name="Open Samsung">
<status status="NOT RUN" starttime="20210725 21:45:00.310" endtime="20210725 21:45:00.310"/>
</kw>
<kw name="View Option">
<status status="NOT RUN" starttime="20210725 21:45:00.310" endtime="20210725 21:45:00.310"/>
</kw>
<kw name="Choose Moblie">
<status status="NOT RUN" starttime="20210725 21:45:00.310" endtime="20210725 21:45:00.310"/>
</kw>
<kw name="Add to Cart">
<status status="NOT RUN" starttime="20210725 21:45:00.310" endtime="20210725 21:45:00.310"/>
</kw>
<kw name="Check URL">
<status status="NOT RUN" starttime="20210725 21:45:00.310" endtime="20210725 21:45:00.310"/>
</kw>
<status status="FAIL" starttime="20210725 21:44:46.963" endtime="20210725 21:45:00.310">ElementClickInterceptedException: Message: element click intercepted: Element &lt;div class="xtXmba"&gt;...&lt;/div&gt; is not clickable at point (270, 145). Other element would receive the click: &lt;span&gt;...&lt;/span&gt;
  (Session info: chrome=92.0.4515.107)
</status>
</test>
<status status="FAIL" starttime="20210725 21:44:46.637" endtime="20210725 21:45:00.310"/>
</suite>
<statistics>
<total>
<stat pass="0" fail="1" skip="0">All Tests</stat>
</total>
<tag>
</tag>
<suite>
<stat pass="0" fail="1" skip="0" id="s1" name="Testing">Testing</stat>
</suite>
</statistics>
<errors>
</errors>
</robot>
